./sdriver.pl -t trace01.txt -s ./tsh -a "-p"
#
# trace01.txt - Properly terminate on EOF.
#
./sdriver.pl -t trace02.txt -s ./tsh -a "-p"
#
# trace02.txt - Process builtin quit command.
#
./sdriver.pl -t trace03.txt -s ./tsh -a "-p"
#
# trace03.txt - Run a foreground job.
#
tsh> quit
./sdriver.pl -t trace04.txt -s ./tsh -a "-p"
#
# trace04.txt - Run a background job.
#
-e tsh> ./myspin 1 \046
[1] (44040) ./myspin 1 &
./myspin: Command not found
./sdriver.pl -t trace05.txt -s ./tsh -a "-p"
#
# trace05.txt - Process jobs builtin command.
#
-e tsh> ./myspin 2 \046
[1] (44044) ./myspin 2 &
./myspin: Command not found
-e tsh> ./myspin 3 \046
[1] (44046) ./myspin 3 &
./myspin: Command not found
tsh> jobs
./sdriver.pl -t trace06.txt -s ./tsh -a "-p"
#
# trace06.txt - Forward SIGINT to foreground job.
#
-e tsh> ./myspin 4
./myspin: Command not found
./sdriver.pl -t trace07.txt -s ./tsh -a "-p"
#
# trace07.txt - Forward SIGINT only to foreground job.
#
-e tsh> ./myspin 4 \046
[1] (44056) ./myspin 4 &
./myspin: Command not found
-e tsh> ./myspin 5
./myspin: Command not found
tsh> jobs
./sdriver.pl -t trace08.txt -s ./tsh -a "-p"
#
# trace08.txt - Forward SIGTSTP only to foreground job.
#
-e tsh> ./myspin 4 \046
[1] (44063) ./myspin 4 &
./myspin: Command not found
-e tsh> ./myspin 5
./myspin: Command not found
tsh> jobs
./sdriver.pl -t trace09.txt -s ./tsh -a "-p"
#
# trace09.txt - Process bg builtin command
#
-e tsh> ./myspin 4 \046
[1] (44070) ./myspin 4 &
./myspin: Command not found
-e tsh> ./myspin 5
./myspin: Command not found
tsh> jobs
tsh> bg %2
%2: No such job
tsh> jobs
./sdriver.pl -t trace10.txt -s ./tsh -a "-p"
#
# trace10.txt - Process fg builtin command. 
#
-e tsh> ./myspin 4 \046
[1] (44079) ./myspin 4 &
./myspin: Command not found
tsh> fg %1
%1: No such job
tsh> jobs
tsh> fg %1
%1: No such job
tsh> jobs
./sdriver.pl -t trace11.txt -s ./tsh -a "-p"
#
# trace11.txt - Forward SIGINT to every process in foreground process group
#
-e tsh> ./mysplit 4
./mysplit: Command not found
tsh> /bin/ps a
  PID   TT  STAT      TIME COMMAND
  283 s000  Ss     0:00.02 login -pf gk
  298 s000  S      0:00.80 -tcsh
12952 s000  T      0:00.61 emacs -nw didthis.txt
37149 s000  T      0:00.70 emacs -nw run-mtmem-6up.csh
43993 s000  S+     0:00.01 make
43997 s000  S+     0:00.00 /bin/sh -c (cd src; make)
43998 s000  S+     0:00.00 /bin/sh -c (cd src; make)
43999 s000  S+     0:00.00 make
44028 s000  S+     0:00.00 /bin/sh -c make tests > tshref.out 2>&1
44029 s000  S+     0:00.01 make tests
44085 s000  S+     0:00.03 /usr/bin/perl ./sdriver.pl -t trace11.txt -s ./tsh -a -p
44086 s000  R+     0:00.00 ./tsh -p
44091 s000  R      0:00.00 /bin/ps a
  519 s001  Ss     0:00.02 login -pf gk
  520 s001  S+     0:01.80 -tcsh
21655 s001  T      0:00.51 emacs -nw didthis-ref.txt
39752 s001  T      0:01.26 emacs -nw didthis-midterm-plot.txt
17084 s002  Ss     0:00.18 login -pf gk
17092 s002  S+     0:00.10 -tcsh
42834 s003  Ss     0:00.11 login -pf gk
42839 s003  S+     0:00.04 -tcsh
./sdriver.pl -t trace12.txt -s ./tsh -a "-p"
#
# trace12.txt - Forward SIGTSTP to every process in foreground process group
#
-e tsh> ./mysplit 4
./mysplit: Command not found
tsh> jobs
tsh> /bin/ps a
  PID   TT  STAT      TIME COMMAND
  283 s000  Ss     0:00.02 login -pf gk
  298 s000  S      0:00.80 -tcsh
12952 s000  T      0:00.61 emacs -nw didthis.txt
37149 s000  T      0:00.70 emacs -nw run-mtmem-6up.csh
43993 s000  S+     0:00.01 make
43997 s000  S+     0:00.00 /bin/sh -c (cd src; make)
43998 s000  S+     0:00.00 /bin/sh -c (cd src; make)
43999 s000  S+     0:00.00 make
44028 s000  S+     0:00.00 /bin/sh -c make tests > tshref.out 2>&1
44029 s000  S+     0:00.01 make tests
44092 s000  S+     0:00.02 /usr/bin/perl ./sdriver.pl -t trace12.txt -s ./tsh -a -p
44093 s000  S+     0:00.00 ./tsh -p
44098 s000  R      0:00.00 /bin/ps a
  519 s001  Ss     0:00.02 login -pf gk
  520 s001  S+     0:01.80 -tcsh
21655 s001  T      0:00.51 emacs -nw didthis-ref.txt
39752 s001  T      0:01.26 emacs -nw didthis-midterm-plot.txt
17084 s002  Ss     0:00.18 login -pf gk
17092 s002  S+     0:00.10 -tcsh
42834 s003  Ss     0:00.11 login -pf gk
42839 s003  S+     0:00.04 -tcsh
./sdriver.pl -t trace13.txt -s ./tsh -a "-p"
#
# trace13.txt - Restart every stopped process in process group
#
-e tsh> ./mysplit 4
./mysplit: Command not found
tsh> jobs
tsh> /bin/ps a
  PID   TT  STAT      TIME COMMAND
  283 s000  Ss     0:00.02 login -pf gk
  298 s000  S      0:00.80 -tcsh
12952 s000  T      0:00.61 emacs -nw didthis.txt
37149 s000  T      0:00.70 emacs -nw run-mtmem-6up.csh
43993 s000  S+     0:00.01 make
43997 s000  S+     0:00.00 /bin/sh -c (cd src; make)
43998 s000  S+     0:00.00 /bin/sh -c (cd src; make)
43999 s000  S+     0:00.00 make
44028 s000  S+     0:00.00 /bin/sh -c make tests > tshref.out 2>&1
44029 s000  S+     0:00.01 make tests
44099 s000  S+     0:00.02 /usr/bin/perl ./sdriver.pl -t trace13.txt -s ./tsh -a -p
44100 s000  S+     0:00.00 ./tsh -p
44107 s000  R      0:00.00 /bin/ps a
  519 s001  Ss     0:00.02 login -pf gk
  520 s001  S+     0:01.80 -tcsh
21655 s001  T      0:00.51 emacs -nw didthis-ref.txt
39752 s001  T      0:01.26 emacs -nw didthis-midterm-plot.txt
17084 s002  Ss     0:00.18 login -pf gk
17092 s002  S+     0:00.10 -tcsh
42834 s003  Ss     0:00.11 login -pf gk
42839 s003  S+     0:00.04 -tcsh
tsh> fg %1
%1: No such job
tsh> /bin/ps a
  PID   TT  STAT      TIME COMMAND
  283 s000  Ss     0:00.02 login -pf gk
  298 s000  S      0:00.80 -tcsh
12952 s000  T      0:00.61 emacs -nw didthis.txt
37149 s000  T      0:00.70 emacs -nw run-mtmem-6up.csh
43993 s000  S+     0:00.01 make
43997 s000  S+     0:00.00 /bin/sh -c (cd src; make)
43998 s000  S+     0:00.00 /bin/sh -c (cd src; make)
43999 s000  S+     0:00.00 make
44028 s000  S+     0:00.00 /bin/sh -c make tests > tshref.out 2>&1
44029 s000  S+     0:00.01 make tests
44099 s000  S+     0:00.02 /usr/bin/perl ./sdriver.pl -t trace13.txt -s ./tsh -a -p
44100 s000  S+     0:00.00 ./tsh -p
44110 s000  R      0:00.00 /bin/ps a
  519 s001  Ss     0:00.02 login -pf gk
  520 s001  S+     0:01.80 -tcsh
21655 s001  T      0:00.51 emacs -nw didthis-ref.txt
39752 s001  T      0:01.26 emacs -nw didthis-midterm-plot.txt
17084 s002  Ss     0:00.18 login -pf gk
17092 s002  S+     0:00.10 -tcsh
42834 s003  Ss     0:00.11 login -pf gk
42839 s003  S+     0:00.04 -tcsh
./sdriver.pl -t trace14.txt -s ./tsh -a "-p"
#
# trace14.txt - Simple error handling
#
tsh> ./bogus
./bogus: Command not found
-e tsh> ./myspin 4 \046
[1] (44116) ./myspin 4 &
./myspin: Command not found
tsh> fg
fg command requires PID or %jobid argument
tsh> bg
bg command requires PID or %jobid argument
tsh> fg a
fg: argument must be a PID or %jobid
tsh> bg a
bg: argument must be a PID or %jobid
tsh> fg 9999999
(9999999): No such process
tsh> bg 9999999
(9999999): No such process
tsh> fg %2
%2: No such job
tsh> fg %1
%1: No such job
tsh> bg %2
%2: No such job
tsh> bg %1
%1: No such job
tsh> jobs
./sdriver.pl -t trace15.txt -s ./tsh -a "-p"
#
# trace15.txt - Putting it all together
#
tsh> ./bogus
./bogus: Command not found
tsh> ./myspin 10
./myspin: Command not found
-e tsh> ./myspin 3 \046
[1] (44136) ./myspin 3 &
./myspin: Command not found
-e tsh> ./myspin 4 \046
[1] (44138) ./myspin 4 &
./myspin: Command not found
tsh> jobs
tsh> fg %1
%1: No such job
tsh> jobs
tsh> bg %3
%3: No such job
tsh> bg %1
%1: No such job
tsh> jobs
tsh> fg %1
%1: No such job
tsh> quit
./sdriver.pl -t trace16.txt -s ./tsh -a "-p"
#
# trace16.txt - Tests whether the shell can handle SIGTSTP and SIGINT
#     signals that come from other processes instead of the terminal.
#
tsh> ./mystop 2
./mystop: Command not found
tsh> jobs
tsh> ./myint 2
./myint: Command not found
